0 info it worked if it ends with ok
1 verbose cli [ 'node', '/usr/bin/npm', 'start' ]
2 info using npm@1.4.21
3 info using node@v0.10.24
4 verbose node symlink /usr/bin/node
5 verbose run-script [ 'prestart', 'start', 'poststart' ]
6 info prestart react-webpack-node@1.0.0
7 info start react-webpack-node@1.0.0
8 verbose unsafe-perm in lifecycle true
9 info react-webpack-node@1.0.0 Failed to exec start script
10 error react-webpack-node@1.0.0 start: `node server/index.js`
10 error Exit status 8
11 error Failed at the react-webpack-node@1.0.0 start script.
11 error This is most likely a problem with the react-webpack-node package,
11 error not with npm itself.
11 error Tell the author that this fails on your system:
11 error     node server/index.js
11 error You can get their info via:
11 error     npm owner ls react-webpack-node
11 error There is likely additional logging output above.
12 error System Linux 3.5.0-44-generic
13 error command "node" "/usr/bin/npm" "start"
14 error cwd /home/ken/Documents/react-webpack-node
15 error node -v v0.10.24
16 error npm -v 1.4.21
17 error code ELIFECYCLE
18 verbose exit [ 1, true ]
